{"/home/allan_vc/Driven/Projetos/projeto19-drivenpass/src/app.ts": {"path":"/home/allan_vc/Driven/Projetos/projeto19-drivenpass/src/app.ts","statementMap":{"0":{"start":{"line":1,"column":0},"end":{"line":1,"column":43}},"1":{"start":{"line":2,"column":0},"end":{"line":2,"column":24}},"2":{"start":{"line":3,"column":0},"end":{"line":3,"column":62}},"3":{"start":{"line":4,"column":0},"end":{"line":4,"column":37}},"4":{"start":{"line":6,"column":0},"end":{"line":6,"column":11}},"5":{"start":{"line":8,"column":12},"end":{"line":8,"column":21}},"6":{"start":{"line":9,"column":0},"end":{"line":15,"column":38}},"7":{"start":{"line":12,"column":33},"end":{"line":12,"column":48}},"8":{"start":{"line":18,"column":2},"end":{"line":18,"column":21}},"9":{"start":{"line":19,"column":2},"end":{"line":19,"column":30}},"10":{"start":{"line":17,"column":0},"end":{"line":17,"column":16}},"11":{"start":{"line":22,"column":0},"end":{"line":22,"column":19}}},"fnMap":{"0":{"name":"(anonymous_7)","decl":{"start":{"line":12,"column":18},"end":{"line":12,"column":19}},"loc":{"start":{"line":12,"column":33},"end":{"line":12,"column":48}}},"1":{"name":"initialize_server","decl":{"start":{"line":17,"column":16},"end":{"line":17,"column":33}},"loc":{"start":{"line":17,"column":33},"end":{"line":20,"column":1}}}},"branchMap":{},"s":{"0":3,"1":3,"2":3,"3":3,"4":3,"5":3,"6":3,"7":0,"8":3,"9":3,"10":3,"11":3},"f":{"0":0,"1":3},"b":{}}
,"/home/allan_vc/Driven/Projetos/projeto19-drivenpass/src/configurations/database.ts": {"path":"/home/allan_vc/Driven/Projetos/projeto19-drivenpass/src/configurations/database.ts","statementMap":{"0":{"start":{"line":1,"column":0},"end":{"line":1,"column":46}},"1":{"start":{"line":5,"column":2},"end":{"line":5,"column":30}},"2":{"start":{"line":4,"column":0},"end":{"line":4,"column":16}}},"fnMap":{"0":{"name":"connect_database","decl":{"start":{"line":4,"column":16},"end":{"line":4,"column":32}},"loc":{"start":{"line":4,"column":32},"end":{"line":6,"column":1}}}},"branchMap":{},"s":{"0":3,"1":3,"2":3},"f":{"0":3},"b":{}}
,"/home/allan_vc/Driven/Projetos/projeto19-drivenpass/src/configurations/encryption.ts": {"path":"/home/allan_vc/Driven/Projetos/projeto19-drivenpass/src/configurations/encryption.ts","statementMap":{"0":{"start":{"line":1,"column":0},"end":{"line":1,"column":39}},"1":{"start":{"line":3,"column":0},"end":{"line":3,"column":11}},"2":{"start":{"line":5,"column":15},"end":{"line":5,"column":32}},"3":{"start":{"line":6,"column":15},"end":{"line":6,"column":65}},"4":{"start":{"line":8,"column":0},"end":{"line":8,"column":22}}},"fnMap":{},"branchMap":{},"s":{"0":3,"1":3,"2":3,"3":3,"4":3},"f":{},"b":{}}
,"/home/allan_vc/Driven/Projetos/projeto19-drivenpass/src/configurations/index.ts": {"path":"/home/allan_vc/Driven/Projetos/projeto19-drivenpass/src/configurations/index.ts","statementMap":{"0":{"start":{"line":1,"column":0},"end":{"line":1,"column":27}},"1":{"start":{"line":2,"column":0},"end":{"line":2,"column":28}}},"fnMap":{},"branchMap":{},"s":{"0":3,"1":3},"f":{},"b":{}}
,"/home/allan_vc/Driven/Projetos/projeto19-drivenpass/src/configurations/load_envs.ts": {"path":"/home/allan_vc/Driven/Projetos/projeto19-drivenpass/src/configurations/load_envs.ts","statementMap":{"0":{"start":{"line":1,"column":0},"end":{"line":1,"column":28}},"1":{"start":{"line":2,"column":0},"end":{"line":2,"column":41}},"2":{"start":{"line":5,"column":13},"end":{"line":5,"column":19}},"3":{"start":{"line":7,"column":2},"end":{"line":9,"column":null}},"4":{"start":{"line":8,"column":4},"end":{"line":8,"column":30}},"5":{"start":{"line":11,"column":2},"end":{"line":13,"column":null}},"6":{"start":{"line":12,"column":4},"end":{"line":12,"column":23}},"7":{"start":{"line":15,"column":23},"end":{"line":15,"column":46}},"8":{"start":{"line":16,"column":2},"end":{"line":16,"column":36}},"9":{"start":{"line":4,"column":0},"end":{"line":4,"column":16}}},"fnMap":{"0":{"name":"load_env","decl":{"start":{"line":4,"column":16},"end":{"line":4,"column":24}},"loc":{"start":{"line":4,"column":24},"end":{"line":17,"column":1}}}},"branchMap":{"0":{"loc":{"start":{"line":7,"column":2},"end":{"line":9,"column":null}},"type":"if","locations":[{"start":{"line":7,"column":2},"end":{"line":9,"column":null}}]},"1":{"loc":{"start":{"line":11,"column":2},"end":{"line":13,"column":null}},"type":"if","locations":[{"start":{"line":11,"column":2},"end":{"line":13,"column":null}}]}},"s":{"0":3,"1":3,"2":9,"3":9,"4":0,"5":9,"6":9,"7":9,"8":9,"9":3},"f":{"0":9},"b":{"0":[0],"1":[9]}}
,"/home/allan_vc/Driven/Projetos/projeto19-drivenpass/src/controllers/authentication.ts": {"path":"/home/allan_vc/Driven/Projetos/projeto19-drivenpass/src/controllers/authentication.ts","statementMap":{"0":{"start":{"line":1,"column":0},"end":{"line":1,"column":39}},"1":{"start":{"line":4,"column":0},"end":{"line":4,"column":37}},"2":{"start":{"line":7,"column":30},"end":{"line":7,"column":54}},"3":{"start":{"line":9,"column":2},"end":{"line":15,"column":null}},"4":{"start":{"line":10,"column":19},"end":{"line":10,"column":77}},"5":{"start":{"line":12,"column":4},"end":{"line":12,"column":50}},"6":{"start":{"line":14,"column":4},"end":{"line":14,"column":56}},"7":{"start":{"line":6,"column":0},"end":{"line":6,"column":7}},"8":{"start":{"line":19,"column":30},"end":{"line":19,"column":42}},"9":{"start":{"line":21,"column":2},"end":{"line":32,"column":null}},"10":{"start":{"line":22,"column":17},"end":{"line":22,"column":75}},"11":{"start":{"line":23,"column":4},"end":{"line":26,"column":7}},"12":{"start":{"line":28,"column":4},"end":{"line":30,"column":null}},"13":{"start":{"line":29,"column":6},"end":{"line":29,"column":62}},"14":{"start":{"line":31,"column":4},"end":{"line":31,"column":63}},"15":{"start":{"line":18,"column":0},"end":{"line":18,"column":7}}},"fnMap":{"0":{"name":"sign_in","decl":{"start":{"line":6,"column":22},"end":{"line":6,"column":29}},"loc":{"start":{"line":6,"column":57},"end":{"line":16,"column":1}}},"1":{"name":"sign_up","decl":{"start":{"line":18,"column":22},"end":{"line":18,"column":29}},"loc":{"start":{"line":18,"column":66},"end":{"line":33,"column":1}}}},"branchMap":{"0":{"loc":{"start":{"line":28,"column":4},"end":{"line":30,"column":null}},"type":"if","locations":[{"start":{"line":28,"column":4},"end":{"line":30,"column":null}}]}},"s":{"0":3,"1":3,"2":5,"3":5,"4":5,"5":3,"6":2,"7":3,"8":2,"9":2,"10":2,"11":1,"12":1,"13":1,"14":0,"15":3},"f":{"0":5,"1":2},"b":{"0":[1]}}
,"/home/allan_vc/Driven/Projetos/projeto19-drivenpass/src/controllers/credentials.ts": {"path":"/home/allan_vc/Driven/Projetos/projeto19-drivenpass/src/controllers/credentials.ts","statementMap":{"0":{"start":{"line":3,"column":0},"end":{"line":3,"column":39}},"1":{"start":{"line":5,"column":0},"end":{"line":5,"column":37}},"2":{"start":{"line":6,"column":0},"end":{"line":6,"column":45}},"3":{"start":{"line":12,"column":45},"end":{"line":12,"column":76}},"4":{"start":{"line":13,"column":22},"end":{"line":13,"column":29}},"5":{"start":{"line":15,"column":2},"end":{"line":31,"column":null}},"6":{"start":{"line":16,"column":19},"end":{"line":22,"column":6}},"7":{"start":{"line":24,"column":4},"end":{"line":26,"column":41}},"8":{"start":{"line":28,"column":4},"end":{"line":30,"column":null}},"9":{"start":{"line":29,"column":6},"end":{"line":29,"column":62}},"10":{"start":{"line":8,"column":0},"end":{"line":8,"column":7}},"11":{"start":{"line":38,"column":22},"end":{"line":38,"column":29}},"12":{"start":{"line":40,"column":2},"end":{"line":46,"column":null}},"13":{"start":{"line":41,"column":24},"end":{"line":41,"column":75}},"14":{"start":{"line":43,"column":4},"end":{"line":43,"column":60}},"15":{"start":{"line":45,"column":4},"end":{"line":45,"column":65}},"16":{"start":{"line":34,"column":0},"end":{"line":34,"column":7}},"17":{"start":{"line":53,"column":22},"end":{"line":53,"column":29}},"18":{"start":{"line":54,"column":17},"end":{"line":54,"column":31}},"19":{"start":{"line":56,"column":2},"end":{"line":72,"column":null}},"20":{"start":{"line":57,"column":23},"end":{"line":59,"column":null}},"21":{"start":{"line":62,"column":4},"end":{"line":62,"column":59}},"22":{"start":{"line":64,"column":4},"end":{"line":66,"column":null}},"23":{"start":{"line":65,"column":6},"end":{"line":65,"column":66}},"24":{"start":{"line":68,"column":4},"end":{"line":70,"column":null}},"25":{"start":{"line":69,"column":6},"end":{"line":69,"column":63}},"26":{"start":{"line":71,"column":4},"end":{"line":71,"column":65}},"27":{"start":{"line":49,"column":0},"end":{"line":49,"column":7}},"28":{"start":{"line":79,"column":22},"end":{"line":79,"column":29}},"29":{"start":{"line":80,"column":17},"end":{"line":80,"column":31}},"30":{"start":{"line":82,"column":2},"end":{"line":96,"column":null}},"31":{"start":{"line":83,"column":4},"end":{"line":83,"column":76}},"32":{"start":{"line":85,"column":4},"end":{"line":85,"column":46}},"33":{"start":{"line":87,"column":4},"end":{"line":89,"column":null}},"34":{"start":{"line":88,"column":6},"end":{"line":88,"column":66}},"35":{"start":{"line":91,"column":4},"end":{"line":93,"column":null}},"36":{"start":{"line":92,"column":6},"end":{"line":92,"column":63}},"37":{"start":{"line":95,"column":4},"end":{"line":95,"column":65}},"38":{"start":{"line":75,"column":0},"end":{"line":75,"column":7}}},"fnMap":{"0":{"name":"create_credentials","decl":{"start":{"line":8,"column":22},"end":{"line":8,"column":40}},"loc":{"start":{"line":10,"column":20},"end":{"line":32,"column":1}}},"1":{"name":"get_credentials","decl":{"start":{"line":34,"column":22},"end":{"line":34,"column":37}},"loc":{"start":{"line":36,"column":20},"end":{"line":47,"column":1}}},"2":{"name":"get_credential_by_id","decl":{"start":{"line":49,"column":22},"end":{"line":49,"column":42}},"loc":{"start":{"line":51,"column":20},"end":{"line":73,"column":1}}},"3":{"name":"delete_credential_by_id","decl":{"start":{"line":75,"column":22},"end":{"line":75,"column":45}},"loc":{"start":{"line":77,"column":20},"end":{"line":97,"column":1}}}},"branchMap":{"0":{"loc":{"start":{"line":28,"column":4},"end":{"line":30,"column":null}},"type":"if","locations":[{"start":{"line":28,"column":4},"end":{"line":30,"column":null}}]},"1":{"loc":{"start":{"line":64,"column":4},"end":{"line":66,"column":null}},"type":"if","locations":[{"start":{"line":64,"column":4},"end":{"line":66,"column":null}}]},"2":{"loc":{"start":{"line":68,"column":4},"end":{"line":70,"column":null}},"type":"if","locations":[{"start":{"line":68,"column":4},"end":{"line":70,"column":null}}]},"3":{"loc":{"start":{"line":87,"column":4},"end":{"line":89,"column":null}},"type":"if","locations":[{"start":{"line":87,"column":4},"end":{"line":89,"column":null}}]},"4":{"loc":{"start":{"line":91,"column":4},"end":{"line":93,"column":null}},"type":"if","locations":[{"start":{"line":91,"column":4},"end":{"line":93,"column":null}}]}},"s":{"0":3,"1":3,"2":3,"3":2,"4":2,"5":2,"6":2,"7":1,"8":1,"9":1,"10":3,"11":1,"12":1,"13":1,"14":1,"15":0,"16":3,"17":3,"18":3,"19":3,"20":3,"21":1,"22":2,"23":1,"24":1,"25":1,"26":0,"27":3,"28":3,"29":3,"30":3,"31":3,"32":1,"33":2,"34":1,"35":1,"36":1,"37":0,"38":3},"f":{"0":2,"1":1,"2":3,"3":3},"b":{"0":[1],"1":[1],"2":[1],"3":[1],"4":[1]}}
,"/home/allan_vc/Driven/Projetos/projeto19-drivenpass/src/controllers/index.ts": {"path":"/home/allan_vc/Driven/Projetos/projeto19-drivenpass/src/controllers/index.ts","statementMap":{"0":{"start":{"line":1,"column":0},"end":{"line":1,"column":33}},"1":{"start":{"line":2,"column":0},"end":{"line":2,"column":30}},"2":{"start":{"line":3,"column":0},"end":{"line":3,"column":27}}},"fnMap":{},"branchMap":{},"s":{"0":3,"1":3,"2":3},"f":{},"b":{}}
,"/home/allan_vc/Driven/Projetos/projeto19-drivenpass/src/controllers/networks.ts": {"path":"/home/allan_vc/Driven/Projetos/projeto19-drivenpass/src/controllers/networks.ts","statementMap":{"0":{"start":{"line":3,"column":0},"end":{"line":3,"column":39}},"1":{"start":{"line":5,"column":0},"end":{"line":5,"column":37}},"2":{"start":{"line":6,"column":0},"end":{"line":6,"column":45}},"3":{"start":{"line":12,"column":39},"end":{"line":12,"column":67}},"4":{"start":{"line":13,"column":22},"end":{"line":13,"column":29}},"5":{"start":{"line":15,"column":2},"end":{"line":30,"column":null}},"6":{"start":{"line":16,"column":28},"end":{"line":22,"column":null}},"7":{"start":{"line":25,"column":4},"end":{"line":27,"column":50}},"8":{"start":{"line":29,"column":4},"end":{"line":29,"column":65}},"9":{"start":{"line":8,"column":0},"end":{"line":8,"column":7}},"10":{"start":{"line":37,"column":22},"end":{"line":37,"column":29}},"11":{"start":{"line":39,"column":2},"end":{"line":45,"column":null}},"12":{"start":{"line":40,"column":21},"end":{"line":40,"column":66}},"13":{"start":{"line":42,"column":4},"end":{"line":42,"column":57}},"14":{"start":{"line":44,"column":4},"end":{"line":44,"column":65}},"15":{"start":{"line":33,"column":0},"end":{"line":33,"column":7}},"16":{"start":{"line":52,"column":22},"end":{"line":52,"column":29}},"17":{"start":{"line":53,"column":17},"end":{"line":53,"column":31}},"18":{"start":{"line":55,"column":2},"end":{"line":71,"column":null}},"19":{"start":{"line":56,"column":20},"end":{"line":58,"column":null}},"20":{"start":{"line":61,"column":4},"end":{"line":61,"column":56}},"21":{"start":{"line":63,"column":4},"end":{"line":65,"column":null}},"22":{"start":{"line":64,"column":6},"end":{"line":64,"column":66}},"23":{"start":{"line":67,"column":4},"end":{"line":69,"column":null}},"24":{"start":{"line":68,"column":6},"end":{"line":68,"column":63}},"25":{"start":{"line":70,"column":4},"end":{"line":70,"column":65}},"26":{"start":{"line":48,"column":0},"end":{"line":48,"column":7}},"27":{"start":{"line":78,"column":22},"end":{"line":78,"column":29}},"28":{"start":{"line":79,"column":17},"end":{"line":79,"column":31}},"29":{"start":{"line":81,"column":2},"end":{"line":95,"column":null}},"30":{"start":{"line":82,"column":4},"end":{"line":82,"column":70}},"31":{"start":{"line":84,"column":4},"end":{"line":84,"column":46}},"32":{"start":{"line":86,"column":4},"end":{"line":88,"column":null}},"33":{"start":{"line":87,"column":6},"end":{"line":87,"column":66}},"34":{"start":{"line":90,"column":4},"end":{"line":92,"column":null}},"35":{"start":{"line":91,"column":6},"end":{"line":91,"column":63}},"36":{"start":{"line":94,"column":4},"end":{"line":94,"column":65}},"37":{"start":{"line":74,"column":0},"end":{"line":74,"column":7}}},"fnMap":{"0":{"name":"create_network","decl":{"start":{"line":8,"column":22},"end":{"line":8,"column":36}},"loc":{"start":{"line":10,"column":20},"end":{"line":31,"column":1}}},"1":{"name":"get_networks","decl":{"start":{"line":33,"column":22},"end":{"line":33,"column":34}},"loc":{"start":{"line":35,"column":20},"end":{"line":46,"column":1}}},"2":{"name":"get_network_by_id","decl":{"start":{"line":48,"column":22},"end":{"line":48,"column":39}},"loc":{"start":{"line":50,"column":20},"end":{"line":72,"column":1}}},"3":{"name":"delete_network_by_id","decl":{"start":{"line":74,"column":22},"end":{"line":74,"column":42}},"loc":{"start":{"line":76,"column":20},"end":{"line":96,"column":1}}}},"branchMap":{"0":{"loc":{"start":{"line":63,"column":4},"end":{"line":65,"column":null}},"type":"if","locations":[{"start":{"line":63,"column":4},"end":{"line":65,"column":null}}]},"1":{"loc":{"start":{"line":67,"column":4},"end":{"line":69,"column":null}},"type":"if","locations":[{"start":{"line":67,"column":4},"end":{"line":69,"column":null}}]},"2":{"loc":{"start":{"line":86,"column":4},"end":{"line":88,"column":null}},"type":"if","locations":[{"start":{"line":86,"column":4},"end":{"line":88,"column":null}}]},"3":{"loc":{"start":{"line":90,"column":4},"end":{"line":92,"column":null}},"type":"if","locations":[{"start":{"line":90,"column":4},"end":{"line":92,"column":null}}]}},"s":{"0":3,"1":3,"2":3,"3":1,"4":1,"5":1,"6":1,"7":1,"8":0,"9":3,"10":1,"11":1,"12":1,"13":1,"14":0,"15":3,"16":3,"17":3,"18":3,"19":3,"20":1,"21":2,"22":1,"23":1,"24":1,"25":0,"26":3,"27":3,"28":3,"29":3,"30":3,"31":1,"32":2,"33":1,"34":1,"35":1,"36":0,"37":3},"f":{"0":1,"1":1,"2":3,"3":3},"b":{"0":[1],"1":[1],"2":[1],"3":[1]}}
,"/home/allan_vc/Driven/Projetos/projeto19-drivenpass/src/errors/index.ts": {"path":"/home/allan_vc/Driven/Projetos/projeto19-drivenpass/src/errors/index.ts","statementMap":{"0":{"start":{"line":1,"column":0},"end":{"line":1,"column":31}},"1":{"start":{"line":2,"column":0},"end":{"line":2,"column":32}}},"fnMap":{},"branchMap":{},"s":{"0":3,"1":3},"f":{},"b":{}}
,"/home/allan_vc/Driven/Projetos/projeto19-drivenpass/src/errors/unauthorized.ts": {"path":"/home/allan_vc/Driven/Projetos/projeto19-drivenpass/src/errors/unauthorized.ts","statementMap":{"0":{"start":{"line":4,"column":2},"end":{"line":7,"column":4}},"1":{"start":{"line":3,"column":0},"end":{"line":3,"column":16}}},"fnMap":{"0":{"name":"unauthorizedError","decl":{"start":{"line":3,"column":16},"end":{"line":3,"column":33}},"loc":{"start":{"line":3,"column":33},"end":{"line":8,"column":1}}}},"branchMap":{},"s":{"0":24,"1":3},"f":{"0":24},"b":{}}
,"/home/allan_vc/Driven/Projetos/projeto19-drivenpass/src/errors/unprocessable.ts": {"path":"/home/allan_vc/Driven/Projetos/projeto19-drivenpass/src/errors/unprocessable.ts","statementMap":{"0":{"start":{"line":6,"column":2},"end":{"line":10,"column":4}},"1":{"start":{"line":3,"column":0},"end":{"line":3,"column":16}}},"fnMap":{"0":{"name":"invalidDataError","decl":{"start":{"line":3,"column":16},"end":{"line":3,"column":32}},"loc":{"start":{"line":4,"column":19},"end":{"line":11,"column":1}}}},"branchMap":{},"s":{"0":10,"1":3},"f":{"0":10},"b":{}}
,"/home/allan_vc/Driven/Projetos/projeto19-drivenpass/src/middlewares/authentication.ts": {"path":"/home/allan_vc/Driven/Projetos/projeto19-drivenpass/src/middlewares/authentication.ts","statementMap":{"0":{"start":{"line":2,"column":0},"end":{"line":2,"column":37}},"1":{"start":{"line":3,"column":0},"end":{"line":3,"column":36}},"2":{"start":{"line":4,"column":0},"end":{"line":4,"column":45}},"3":{"start":{"line":5,"column":0},"end":{"line":5,"column":42}},"4":{"start":{"line":12,"column":21},"end":{"line":12,"column":52}},"5":{"start":{"line":13,"column":2},"end":{"line":13,"column":65}},"6":{"start":{"line":13,"column":19},"end":{"line":13,"column":65}},"7":{"start":{"line":15,"column":16},"end":{"line":15,"column":40}},"8":{"start":{"line":16,"column":2},"end":{"line":16,"column":60}},"9":{"start":{"line":16,"column":14},"end":{"line":16,"column":60}},"10":{"start":{"line":18,"column":2},"end":{"line":34,"column":null}},"11":{"start":{"line":19,"column":24},"end":{"line":19,"column":79}},"12":{"start":{"line":21,"column":20},"end":{"line":25,"column":6}},"13":{"start":{"line":27,"column":4},"end":{"line":27,"column":64}},"14":{"start":{"line":27,"column":18},"end":{"line":27,"column":64}},"15":{"start":{"line":29,"column":4},"end":{"line":29,"column":30}},"16":{"start":{"line":31,"column":4},"end":{"line":31,"column":18}},"17":{"start":{"line":33,"column":4},"end":{"line":33,"column":50}},"18":{"start":{"line":7,"column":0},"end":{"line":7,"column":7}},"19":{"start":{"line":38,"column":2},"end":{"line":38,"column":69}}},"fnMap":{"0":{"name":"authentication","decl":{"start":{"line":7,"column":22},"end":{"line":7,"column":36}},"loc":{"start":{"line":10,"column":20},"end":{"line":35,"column":1}}},"1":{"name":"generateUnauthorizedResponse","decl":{"start":{"line":37,"column":9},"end":{"line":37,"column":37}},"loc":{"start":{"line":37,"column":56},"end":{"line":39,"column":1}}}},"branchMap":{"0":{"loc":{"start":{"line":13,"column":2},"end":{"line":13,"column":65}},"type":"if","locations":[{"start":{"line":13,"column":2},"end":{"line":13,"column":65}}]},"1":{"loc":{"start":{"line":16,"column":2},"end":{"line":16,"column":60}},"type":"if","locations":[{"start":{"line":16,"column":2},"end":{"line":16,"column":60}}]},"2":{"loc":{"start":{"line":27,"column":4},"end":{"line":27,"column":64}},"type":"if","locations":[{"start":{"line":27,"column":4},"end":{"line":27,"column":64}}]}},"s":{"0":3,"1":3,"2":3,"3":3,"4":47,"5":47,"6":8,"7":39,"8":39,"9":0,"10":39,"11":39,"12":31,"13":31,"14":8,"15":23,"16":23,"17":8,"18":3,"19":24},"f":{"0":47,"1":24},"b":{"0":[8],"1":[0],"2":[8]}}
,"/home/allan_vc/Driven/Projetos/projeto19-drivenpass/src/middlewares/index.ts": {"path":"/home/allan_vc/Driven/Projetos/projeto19-drivenpass/src/middlewares/index.ts","statementMap":{"0":{"start":{"line":1,"column":0},"end":{"line":1,"column":33}},"1":{"start":{"line":2,"column":0},"end":{"line":2,"column":29}}},"fnMap":{},"branchMap":{},"s":{"0":3,"1":3},"f":{},"b":{}}
,"/home/allan_vc/Driven/Projetos/projeto19-drivenpass/src/middlewares/validation.ts": {"path":"/home/allan_vc/Driven/Projetos/projeto19-drivenpass/src/middlewares/validation.ts","statementMap":{"0":{"start":{"line":1,"column":0},"end":{"line":1,"column":44}},"1":{"start":{"line":3,"column":0},"end":{"line":3,"column":37}},"2":{"start":{"line":7,"column":2},"end":{"line":7,"column":34}},"3":{"start":{"line":6,"column":0},"end":{"line":6,"column":16}},"4":{"start":{"line":13,"column":2},"end":{"line":13,"column":36}},"5":{"start":{"line":10,"column":0},"end":{"line":10,"column":16}},"6":{"start":{"line":17,"column":2},"end":{"line":29,"column":4}},"7":{"start":{"line":18,"column":22},"end":{"line":20,"column":6}},"8":{"start":{"line":22,"column":4},"end":{"line":28,"column":null}},"9":{"start":{"line":23,"column":6},"end":{"line":23,"column":13}},"10":{"start":{"line":25,"column":6},"end":{"line":27,"column":69}},"11":{"start":{"line":27,"column":56},"end":{"line":27,"column":65}}},"fnMap":{"0":{"name":"validateBody","decl":{"start":{"line":6,"column":16},"end":{"line":6,"column":28}},"loc":{"start":{"line":6,"column":55},"end":{"line":8,"column":1}}},"1":{"name":"validateParams","decl":{"start":{"line":10,"column":16},"end":{"line":10,"column":30}},"loc":{"start":{"line":11,"column":25},"end":{"line":14,"column":1}}},"2":{"name":"validate","decl":{"start":{"line":16,"column":9},"end":{"line":16,"column":17}},"loc":{"start":{"line":16,"column":63},"end":{"line":30,"column":1}}},"3":{"name":"(anonymous_4)","decl":{"start":{"line":17,"column":9},"end":{"line":17,"column":10}},"loc":{"start":{"line":17,"column":61},"end":{"line":29,"column":3}}},"4":{"name":"(anonymous_5)","decl":{"start":{"line":27,"column":49},"end":{"line":27,"column":50}},"loc":{"start":{"line":27,"column":56},"end":{"line":27,"column":65}}}},"branchMap":{"0":{"loc":{"start":{"line":22,"column":4},"end":{"line":28,"column":null}},"type":"if","locations":[{"start":{"line":22,"column":4},"end":{"line":28,"column":null}},{"start":{"line":24,"column":11},"end":{"line":28,"column":null}}]}},"s":{"0":3,"1":3,"2":12,"3":3,"4":12,"5":3,"6":24,"7":32,"8":32,"9":22,"10":10,"11":16},"f":{"0":12,"1":12,"2":24,"3":32,"4":16},"b":{"0":[22,10]}}
,"/home/allan_vc/Driven/Projetos/projeto19-drivenpass/src/repositories/credentials.ts": {"path":"/home/allan_vc/Driven/Projetos/projeto19-drivenpass/src/repositories/credentials.ts","statementMap":{"0":{"start":{"line":1,"column":0},"end":{"line":1,"column":42}},"1":{"start":{"line":5,"column":2},"end":{"line":13,"column":5}},"2":{"start":{"line":17,"column":2},"end":{"line":21,"column":5}},"3":{"start":{"line":25,"column":2},"end":{"line":29,"column":5}},"4":{"start":{"line":33,"column":2},"end":{"line":37,"column":5}},"5":{"start":{"line":41,"column":2},"end":{"line":46,"column":5}},"6":{"start":{"line":49,"column":13},"end":{"line":55,"column":2}}},"fnMap":{"0":{"name":"create","decl":{"start":{"line":4,"column":9},"end":{"line":4,"column":15}},"loc":{"start":{"line":4,"column":48},"end":{"line":14,"column":1}}},"1":{"name":"find_by_id","decl":{"start":{"line":16,"column":9},"end":{"line":16,"column":19}},"loc":{"start":{"line":16,"column":30},"end":{"line":22,"column":1}}},"2":{"name":"find_many","decl":{"start":{"line":24,"column":9},"end":{"line":24,"column":18}},"loc":{"start":{"line":24,"column":34},"end":{"line":30,"column":1}}},"3":{"name":"delete_by_id","decl":{"start":{"line":32,"column":9},"end":{"line":32,"column":21}},"loc":{"start":{"line":32,"column":32},"end":{"line":38,"column":1}}},"4":{"name":"find_by_title","decl":{"start":{"line":40,"column":9},"end":{"line":40,"column":22}},"loc":{"start":{"line":40,"column":53},"end":{"line":47,"column":1}}}},"branchMap":{},"s":{"0":3,"1":1,"2":6,"3":1,"4":1,"5":2,"6":3},"f":{"0":1,"1":6,"2":1,"3":1,"4":2},"b":{}}
,"/home/allan_vc/Driven/Projetos/projeto19-drivenpass/src/repositories/index.ts": {"path":"/home/allan_vc/Driven/Projetos/projeto19-drivenpass/src/repositories/index.ts","statementMap":{"0":{"start":{"line":1,"column":0},"end":{"line":1,"column":27}},"1":{"start":{"line":2,"column":0},"end":{"line":2,"column":24}},"2":{"start":{"line":3,"column":0},"end":{"line":3,"column":30}},"3":{"start":{"line":4,"column":0},"end":{"line":4,"column":27}}},"fnMap":{},"branchMap":{},"s":{"0":3,"1":3,"2":3,"3":3},"f":{},"b":{}}
,"/home/allan_vc/Driven/Projetos/projeto19-drivenpass/src/repositories/networks.ts": {"path":"/home/allan_vc/Driven/Projetos/projeto19-drivenpass/src/repositories/networks.ts","statementMap":{"0":{"start":{"line":1,"column":0},"end":{"line":1,"column":42}},"1":{"start":{"line":5,"column":2},"end":{"line":12,"column":5}},"2":{"start":{"line":16,"column":2},"end":{"line":20,"column":5}},"3":{"start":{"line":24,"column":2},"end":{"line":28,"column":5}},"4":{"start":{"line":32,"column":2},"end":{"line":36,"column":5}},"5":{"start":{"line":39,"column":13},"end":{"line":44,"column":2}}},"fnMap":{"0":{"name":"create","decl":{"start":{"line":4,"column":9},"end":{"line":4,"column":15}},"loc":{"start":{"line":4,"column":59},"end":{"line":13,"column":1}}},"1":{"name":"find_by_id","decl":{"start":{"line":15,"column":9},"end":{"line":15,"column":19}},"loc":{"start":{"line":15,"column":30},"end":{"line":21,"column":1}}},"2":{"name":"find_many","decl":{"start":{"line":23,"column":9},"end":{"line":23,"column":18}},"loc":{"start":{"line":23,"column":34},"end":{"line":29,"column":1}}},"3":{"name":"delete_by_id","decl":{"start":{"line":31,"column":9},"end":{"line":31,"column":21}},"loc":{"start":{"line":31,"column":32},"end":{"line":37,"column":1}}}},"branchMap":{},"s":{"0":3,"1":1,"2":6,"3":1,"4":1,"5":3},"f":{"0":1,"1":6,"2":1,"3":1},"b":{}}
,"/home/allan_vc/Driven/Projetos/projeto19-drivenpass/src/repositories/sessions.ts": {"path":"/home/allan_vc/Driven/Projetos/projeto19-drivenpass/src/repositories/sessions.ts","statementMap":{"0":{"start":{"line":1,"column":0},"end":{"line":1,"column":42}},"1":{"start":{"line":5,"column":2},"end":{"line":7,"column":5}},"2":{"start":{"line":10,"column":13},"end":{"line":12,"column":2}}},"fnMap":{"0":{"name":"create","decl":{"start":{"line":4,"column":15},"end":{"line":4,"column":21}},"loc":{"start":{"line":4,"column":62},"end":{"line":8,"column":1}}}},"branchMap":{},"s":{"0":3,"1":3,"2":3},"f":{"0":3},"b":{}}
,"/home/allan_vc/Driven/Projetos/projeto19-drivenpass/src/repositories/users.ts": {"path":"/home/allan_vc/Driven/Projetos/projeto19-drivenpass/src/repositories/users.ts","statementMap":{"0":{"start":{"line":1,"column":0},"end":{"line":1,"column":42}},"1":{"start":{"line":5,"column":44},"end":{"line":9,"column":4}},"2":{"start":{"line":11,"column":2},"end":{"line":13,"column":null}},"3":{"start":{"line":12,"column":4},"end":{"line":12,"column":27}},"4":{"start":{"line":15,"column":2},"end":{"line":15,"column":40}},"5":{"start":{"line":19,"column":2},"end":{"line":21,"column":5}},"6":{"start":{"line":24,"column":13},"end":{"line":27,"column":2}}},"fnMap":{"0":{"name":"findByEmail","decl":{"start":{"line":4,"column":15},"end":{"line":4,"column":26}},"loc":{"start":{"line":4,"column":68},"end":{"line":16,"column":1}}},"1":{"name":"create","decl":{"start":{"line":18,"column":15},"end":{"line":18,"column":21}},"loc":{"start":{"line":18,"column":59},"end":{"line":22,"column":1}}}},"branchMap":{"0":{"loc":{"start":{"line":11,"column":2},"end":{"line":13,"column":null}},"type":"if","locations":[{"start":{"line":11,"column":2},"end":{"line":13,"column":null}}]}},"s":{"0":3,"1":7,"2":7,"3":5,"4":7,"5":1,"6":3},"f":{"0":7,"1":1},"b":{"0":[5]}}
,"/home/allan_vc/Driven/Projetos/projeto19-drivenpass/src/routers/authentication.ts": {"path":"/home/allan_vc/Driven/Projetos/projeto19-drivenpass/src/routers/authentication.ts","statementMap":{"0":{"start":{"line":1,"column":0},"end":{"line":1,"column":49}},"1":{"start":{"line":2,"column":0},"end":{"line":2,"column":45}},"2":{"start":{"line":3,"column":0},"end":{"line":3,"column":49}},"3":{"start":{"line":4,"column":0},"end":{"line":4,"column":33}},"4":{"start":{"line":6,"column":23},"end":{"line":6,"column":31}},"5":{"start":{"line":11,"column":9},"end":{"line":11,"column":23}},"6":{"start":{"line":8,"column":0},"end":{"line":8,"column":77}},"7":{"start":{"line":9,"column":0},"end":{"line":9,"column":77}}},"fnMap":{},"branchMap":{},"s":{"0":3,"1":3,"2":3,"3":3,"4":3,"5":3,"6":3,"7":3},"f":{},"b":{}}
,"/home/allan_vc/Driven/Projetos/projeto19-drivenpass/src/routers/credentials.ts": {"path":"/home/allan_vc/Driven/Projetos/projeto19-drivenpass/src/routers/credentials.ts","statementMap":{"0":{"start":{"line":1,"column":0},"end":{"line":1,"column":null}},"1":{"start":{"line":7,"column":0},"end":{"line":7,"column":77}},"2":{"start":{"line":8,"column":0},"end":{"line":8,"column":48}},"3":{"start":{"line":9,"column":0},"end":{"line":9,"column":58}},"4":{"start":{"line":10,"column":0},"end":{"line":10,"column":33}},"5":{"start":{"line":12,"column":20},"end":{"line":12,"column":28}},"6":{"start":{"line":21,"column":9},"end":{"line":21,"column":20}},"7":{"start":{"line":14,"column":0},"end":{"line":19,"column":69}}},"fnMap":{},"branchMap":{},"s":{"0":3,"1":3,"2":3,"3":3,"4":3,"5":3,"6":3,"7":3},"f":{},"b":{}}
,"/home/allan_vc/Driven/Projetos/projeto19-drivenpass/src/routers/index.ts": {"path":"/home/allan_vc/Driven/Projetos/projeto19-drivenpass/src/routers/index.ts","statementMap":{"0":{"start":{"line":1,"column":0},"end":{"line":1,"column":33}},"1":{"start":{"line":2,"column":0},"end":{"line":2,"column":30}},"2":{"start":{"line":3,"column":0},"end":{"line":3,"column":27}}},"fnMap":{},"branchMap":{},"s":{"0":3,"1":3,"2":3},"f":{},"b":{}}
,"/home/allan_vc/Driven/Projetos/projeto19-drivenpass/src/routers/networks.ts": {"path":"/home/allan_vc/Driven/Projetos/projeto19-drivenpass/src/routers/networks.ts","statementMap":{"0":{"start":{"line":1,"column":0},"end":{"line":1,"column":77}},"1":{"start":{"line":2,"column":0},"end":{"line":2,"column":48}},"2":{"start":{"line":3,"column":0},"end":{"line":3,"column":52}},"3":{"start":{"line":4,"column":0},"end":{"line":4,"column":33}},"4":{"start":{"line":5,"column":0},"end":{"line":5,"column":null}},"5":{"start":{"line":12,"column":17},"end":{"line":12,"column":25}},"6":{"start":{"line":21,"column":9},"end":{"line":21,"column":17}},"7":{"start":{"line":14,"column":0},"end":{"line":19,"column":66}}},"fnMap":{},"branchMap":{},"s":{"0":3,"1":3,"2":3,"3":3,"4":3,"5":3,"6":3,"7":3},"f":{},"b":{}}
,"/home/allan_vc/Driven/Projetos/projeto19-drivenpass/src/schemas/appSchemas.ts": {"path":"/home/allan_vc/Driven/Projetos/projeto19-drivenpass/src/schemas/appSchemas.ts","statementMap":{"0":{"start":{"line":1,"column":0},"end":{"line":1,"column":22}},"1":{"start":{"line":3,"column":13},"end":{"line":5,"column":3}}},"fnMap":{},"branchMap":{},"s":{"0":3,"1":3},"f":{},"b":{}}
,"/home/allan_vc/Driven/Projetos/projeto19-drivenpass/src/schemas/authentication.ts": {"path":"/home/allan_vc/Driven/Projetos/projeto19-drivenpass/src/schemas/authentication.ts","statementMap":{"0":{"start":{"line":2,"column":0},"end":{"line":2,"column":22}},"1":{"start":{"line":4,"column":13},"end":{"line":7,"column":3}}},"fnMap":{},"branchMap":{},"s":{"0":3,"1":3},"f":{},"b":{}}
,"/home/allan_vc/Driven/Projetos/projeto19-drivenpass/src/schemas/credentials.ts": {"path":"/home/allan_vc/Driven/Projetos/projeto19-drivenpass/src/schemas/credentials.ts","statementMap":{"0":{"start":{"line":2,"column":0},"end":{"line":2,"column":22}},"1":{"start":{"line":4,"column":13},"end":{"line":9,"column":3}}},"fnMap":{},"branchMap":{},"s":{"0":3,"1":3},"f":{},"b":{}}
,"/home/allan_vc/Driven/Projetos/projeto19-drivenpass/src/schemas/index.ts": {"path":"/home/allan_vc/Driven/Projetos/projeto19-drivenpass/src/schemas/index.ts","statementMap":{"0":{"start":{"line":1,"column":0},"end":{"line":1,"column":33}}},"fnMap":{},"branchMap":{},"s":{"0":3},"f":{},"b":{}}
,"/home/allan_vc/Driven/Projetos/projeto19-drivenpass/src/schemas/networks.ts": {"path":"/home/allan_vc/Driven/Projetos/projeto19-drivenpass/src/schemas/networks.ts","statementMap":{"0":{"start":{"line":2,"column":0},"end":{"line":2,"column":22}},"1":{"start":{"line":4,"column":13},"end":{"line":8,"column":3}}},"fnMap":{},"branchMap":{},"s":{"0":3,"1":3},"f":{},"b":{}}
,"/home/allan_vc/Driven/Projetos/projeto19-drivenpass/src/services/index.ts": {"path":"/home/allan_vc/Driven/Projetos/projeto19-drivenpass/src/services/index.ts","statementMap":{"0":{"start":{"line":1,"column":0},"end":{"line":1,"column":33}},"1":{"start":{"line":2,"column":0},"end":{"line":2,"column":30}},"2":{"start":{"line":3,"column":0},"end":{"line":3,"column":27}}},"fnMap":{},"branchMap":{},"s":{"0":3,"1":3,"2":3},"f":{},"b":{}}
,"/home/allan_vc/Driven/Projetos/projeto19-drivenpass/src/services/authentication/errors.ts": {"path":"/home/allan_vc/Driven/Projetos/projeto19-drivenpass/src/services/authentication/errors.ts","statementMap":{"0":{"start":{"line":4,"column":2},"end":{"line":7,"column":4}},"1":{"start":{"line":3,"column":0},"end":{"line":3,"column":16}},"2":{"start":{"line":11,"column":2},"end":{"line":14,"column":4}},"3":{"start":{"line":10,"column":0},"end":{"line":10,"column":16}}},"fnMap":{"0":{"name":"invalid_credentials_error","decl":{"start":{"line":3,"column":16},"end":{"line":3,"column":41}},"loc":{"start":{"line":3,"column":41},"end":{"line":8,"column":1}}},"1":{"name":"duplicated_email_error","decl":{"start":{"line":10,"column":16},"end":{"line":10,"column":38}},"loc":{"start":{"line":10,"column":38},"end":{"line":15,"column":1}}}},"branchMap":{},"s":{"0":2,"1":3,"2":1,"3":3},"f":{"0":2,"1":1},"b":{}}
,"/home/allan_vc/Driven/Projetos/projeto19-drivenpass/src/services/authentication/index.ts": {"path":"/home/allan_vc/Driven/Projetos/projeto19-drivenpass/src/services/authentication/index.ts","statementMap":{"0":{"start":{"line":1,"column":0},"end":{"line":1,"column":47}},"1":{"start":{"line":2,"column":0},"end":{"line":2,"column":45}},"2":{"start":{"line":4,"column":0},"end":{"line":4,"column":28}},"3":{"start":{"line":5,"column":0},"end":{"line":5,"column":31}},"4":{"start":{"line":6,"column":0},"end":{"line":6,"column":77}},"5":{"start":{"line":9,"column":30},"end":{"line":9,"column":36}},"6":{"start":{"line":11,"column":15},"end":{"line":11,"column":44}},"7":{"start":{"line":13,"column":2},"end":{"line":13,"column":59}},"8":{"start":{"line":15,"column":16},"end":{"line":15,"column":45}},"9":{"start":{"line":17,"column":2},"end":{"line":20,"column":4}},"10":{"start":{"line":24,"column":2},"end":{"line":24,"column":45}},"11":{"start":{"line":25,"column":15},"end":{"line":25,"column":67}},"12":{"start":{"line":27,"column":2},"end":{"line":27,"column":14}},"13":{"start":{"line":31,"column":15},"end":{"line":35,"column":4}},"14":{"start":{"line":36,"column":2},"end":{"line":36,"column":47}},"15":{"start":{"line":36,"column":13},"end":{"line":36,"column":47}},"16":{"start":{"line":38,"column":2},"end":{"line":38,"column":14}},"17":{"start":{"line":42,"column":31},"end":{"line":42,"column":74}},"18":{"start":{"line":43,"column":2},"end":{"line":45,"column":null}},"19":{"start":{"line":44,"column":4},"end":{"line":44,"column":35}},"20":{"start":{"line":49,"column":16},"end":{"line":49,"column":61}},"21":{"start":{"line":50,"column":2},"end":{"line":53,"column":5}},"22":{"start":{"line":55,"column":2},"end":{"line":55,"column":15}},"23":{"start":{"line":62,"column":26},"end":{"line":62,"column":70}},"24":{"start":{"line":63,"column":2},"end":{"line":63,"column":58}},"25":{"start":{"line":63,"column":24},"end":{"line":63,"column":58}},"26":{"start":{"line":77,"column":13},"end":{"line":80,"column":2}}},"fnMap":{"0":{"name":"sign_in","decl":{"start":{"line":8,"column":15},"end":{"line":8,"column":22}},"loc":{"start":{"line":8,"column":43},"end":{"line":21,"column":1}}},"1":{"name":"sign_up","decl":{"start":{"line":23,"column":15},"end":{"line":23,"column":22}},"loc":{"start":{"line":23,"column":60},"end":{"line":28,"column":1}}},"2":{"name":"get_user_or_fail","decl":{"start":{"line":30,"column":15},"end":{"line":30,"column":31}},"loc":{"start":{"line":30,"column":45},"end":{"line":39,"column":1}}},"3":{"name":"validate_unique_email_or_fail","decl":{"start":{"line":41,"column":15},"end":{"line":41,"column":44}},"loc":{"start":{"line":41,"column":58},"end":{"line":46,"column":1}}},"4":{"name":"create_session","decl":{"start":{"line":48,"column":15},"end":{"line":48,"column":29}},"loc":{"start":{"line":48,"column":45},"end":{"line":56,"column":1}}},"5":{"name":"validate_password_or_fail","decl":{"start":{"line":58,"column":15},"end":{"line":58,"column":40}},"loc":{"start":{"line":60,"column":22},"end":{"line":64,"column":1}}}},"branchMap":{"0":{"loc":{"start":{"line":36,"column":2},"end":{"line":36,"column":47}},"type":"if","locations":[{"start":{"line":36,"column":2},"end":{"line":36,"column":47}}]},"1":{"loc":{"start":{"line":43,"column":2},"end":{"line":45,"column":null}},"type":"if","locations":[{"start":{"line":43,"column":2},"end":{"line":45,"column":null}}]},"2":{"loc":{"start":{"line":63,"column":2},"end":{"line":63,"column":58}},"type":"if","locations":[{"start":{"line":63,"column":2},"end":{"line":63,"column":58}}]}},"s":{"0":3,"1":3,"2":3,"3":3,"4":3,"5":5,"6":5,"7":4,"8":3,"9":3,"10":2,"11":1,"12":1,"13":5,"14":5,"15":1,"16":4,"17":2,"18":2,"19":1,"20":3,"21":3,"22":3,"23":4,"24":4,"25":1,"26":3},"f":{"0":5,"1":2,"2":5,"3":2,"4":3,"5":4},"b":{"0":[1],"1":[1],"2":[1]}}
,"/home/allan_vc/Driven/Projetos/projeto19-drivenpass/src/services/credentials/errors.ts": {"path":"/home/allan_vc/Driven/Projetos/projeto19-drivenpass/src/services/credentials/errors.ts","statementMap":{"0":{"start":{"line":4,"column":2},"end":{"line":7,"column":4}},"1":{"start":{"line":3,"column":0},"end":{"line":3,"column":16}},"2":{"start":{"line":11,"column":2},"end":{"line":14,"column":4}},"3":{"start":{"line":10,"column":0},"end":{"line":10,"column":16}},"4":{"start":{"line":18,"column":2},"end":{"line":21,"column":4}},"5":{"start":{"line":17,"column":0},"end":{"line":17,"column":16}}},"fnMap":{"0":{"name":"duplicated_title_error","decl":{"start":{"line":3,"column":16},"end":{"line":3,"column":38}},"loc":{"start":{"line":3,"column":38},"end":{"line":8,"column":1}}},"1":{"name":"unauthorized_user_error","decl":{"start":{"line":10,"column":16},"end":{"line":10,"column":39}},"loc":{"start":{"line":10,"column":39},"end":{"line":15,"column":1}}},"2":{"name":"credential_not_found_error","decl":{"start":{"line":17,"column":16},"end":{"line":17,"column":42}},"loc":{"start":{"line":17,"column":42},"end":{"line":22,"column":1}}}},"branchMap":{},"s":{"0":1,"1":3,"2":2,"3":3,"4":2,"5":3},"f":{"0":1,"1":2,"2":2},"b":{}}
,"/home/allan_vc/Driven/Projetos/projeto19-drivenpass/src/services/credentials/index.ts": {"path":"/home/allan_vc/Driven/Projetos/projeto19-drivenpass/src/services/credentials/index.ts","statementMap":{"0":{"start":{"line":2,"column":0},"end":{"line":2,"column":47}},"1":{"start":{"line":4,"column":0},"end":{"line":4,"column":null}},"2":{"start":{"line":9,"column":0},"end":{"line":9,"column":49}},"3":{"start":{"line":12,"column":2},"end":{"line":12,"column":78}},"4":{"start":{"line":13,"column":2},"end":{"line":13,"column":72}},"5":{"start":{"line":14,"column":21},"end":{"line":14,"column":76}},"6":{"start":{"line":16,"column":2},"end":{"line":16,"column":20}},"7":{"start":{"line":20,"column":22},"end":{"line":20,"column":71}},"8":{"start":{"line":21,"column":31},"end":{"line":21,"column":62}},"9":{"start":{"line":23,"column":2},"end":{"line":23,"column":30}},"10":{"start":{"line":27,"column":21},"end":{"line":27,"column":66}},"11":{"start":{"line":28,"column":2},"end":{"line":28,"column":62}},"12":{"start":{"line":28,"column":27},"end":{"line":28,"column":62}},"13":{"start":{"line":29,"column":2},"end":{"line":29,"column":69}},"14":{"start":{"line":29,"column":37},"end":{"line":29,"column":69}},"15":{"start":{"line":30,"column":30},"end":{"line":30,"column":60}},"16":{"start":{"line":32,"column":2},"end":{"line":32,"column":29}},"17":{"start":{"line":36,"column":21},"end":{"line":36,"column":66}},"18":{"start":{"line":38,"column":2},"end":{"line":40,"column":null}},"19":{"start":{"line":39,"column":4},"end":{"line":39,"column":39}},"20":{"start":{"line":42,"column":2},"end":{"line":44,"column":null}},"21":{"start":{"line":43,"column":4},"end":{"line":43,"column":36}},"22":{"start":{"line":46,"column":2},"end":{"line":46,"column":50}},"23":{"start":{"line":48,"column":2},"end":{"line":48,"column":9}},"24":{"start":{"line":52,"column":17},"end":{"line":52,"column":77}},"25":{"start":{"line":54,"column":2},"end":{"line":54,"column":54}},"26":{"start":{"line":54,"column":23},"end":{"line":54,"column":54}},"27":{"start":{"line":58,"column":2},"end":{"line":66,"column":null}},"28":{"start":{"line":59,"column":4},"end":{"line":63,"column":null}},"29":{"start":{"line":59,"column":21},"end":{"line":59,"column":22}},"30":{"start":{"line":59,"column":30},"end":{"line":59,"column":48}},"31":{"start":{"line":60,"column":22},"end":{"line":60,"column":40}},"32":{"start":{"line":62,"column":6},"end":{"line":62,"column":58}},"33":{"start":{"line":65,"column":4},"end":{"line":65,"column":23}},"34":{"start":{"line":68,"column":2},"end":{"line":68,"column":62}},"35":{"start":{"line":69,"column":2},"end":{"line":69,"column":21}},"36":{"start":{"line":72,"column":13},"end":{"line":77,"column":2}}},"fnMap":{"0":{"name":"create","decl":{"start":{"line":11,"column":15},"end":{"line":11,"column":21}},"loc":{"start":{"line":11,"column":55},"end":{"line":17,"column":1}}},"1":{"name":"get_credentials","decl":{"start":{"line":19,"column":15},"end":{"line":19,"column":30}},"loc":{"start":{"line":19,"column":46},"end":{"line":24,"column":1}}},"2":{"name":"get_credential_by_id","decl":{"start":{"line":26,"column":15},"end":{"line":26,"column":35}},"loc":{"start":{"line":26,"column":63},"end":{"line":33,"column":1}}},"3":{"name":"delete_credential_by_id","decl":{"start":{"line":35,"column":15},"end":{"line":35,"column":38}},"loc":{"start":{"line":35,"column":66},"end":{"line":49,"column":1}}},"4":{"name":"unique_title_or_fail","decl":{"start":{"line":51,"column":15},"end":{"line":51,"column":35}},"loc":{"start":{"line":51,"column":66},"end":{"line":55,"column":1}}},"5":{"name":"decryptCredentials","decl":{"start":{"line":57,"column":9},"end":{"line":57,"column":27}},"loc":{"start":{"line":57,"column":66},"end":{"line":70,"column":1}}}},"branchMap":{"0":{"loc":{"start":{"line":28,"column":2},"end":{"line":28,"column":62}},"type":"if","locations":[{"start":{"line":28,"column":2},"end":{"line":28,"column":62}}]},"1":{"loc":{"start":{"line":29,"column":2},"end":{"line":29,"column":69}},"type":"if","locations":[{"start":{"line":29,"column":2},"end":{"line":29,"column":69}}]},"2":{"loc":{"start":{"line":38,"column":2},"end":{"line":40,"column":null}},"type":"if","locations":[{"start":{"line":38,"column":2},"end":{"line":40,"column":null}}]},"3":{"loc":{"start":{"line":42,"column":2},"end":{"line":44,"column":null}},"type":"if","locations":[{"start":{"line":42,"column":2},"end":{"line":44,"column":null}}]},"4":{"loc":{"start":{"line":54,"column":2},"end":{"line":54,"column":54}},"type":"if","locations":[{"start":{"line":54,"column":2},"end":{"line":54,"column":54}}]},"5":{"loc":{"start":{"line":58,"column":2},"end":{"line":66,"column":null}},"type":"if","locations":[{"start":{"line":58,"column":2},"end":{"line":66,"column":null}}]}},"s":{"0":3,"1":3,"2":3,"3":2,"4":1,"5":1,"6":1,"7":1,"8":1,"9":1,"10":3,"11":3,"12":1,"13":2,"14":1,"15":1,"16":1,"17":3,"18":3,"19":1,"20":2,"21":1,"22":1,"23":1,"24":2,"25":2,"26":1,"27":2,"28":1,"29":1,"30":1,"31":1,"32":1,"33":1,"34":1,"35":1,"36":3},"f":{"0":2,"1":1,"2":3,"3":3,"4":2,"5":2},"b":{"0":[1],"1":[1],"2":[1],"3":[1],"4":[1],"5":[1]}}
,"/home/allan_vc/Driven/Projetos/projeto19-drivenpass/src/services/networks/errors.ts": {"path":"/home/allan_vc/Driven/Projetos/projeto19-drivenpass/src/services/networks/errors.ts","statementMap":{"0":{"start":{"line":4,"column":2},"end":{"line":7,"column":4}},"1":{"start":{"line":3,"column":0},"end":{"line":3,"column":16}},"2":{"start":{"line":11,"column":2},"end":{"line":14,"column":4}},"3":{"start":{"line":10,"column":0},"end":{"line":10,"column":16}}},"fnMap":{"0":{"name":"unauthorized_user_error","decl":{"start":{"line":3,"column":16},"end":{"line":3,"column":39}},"loc":{"start":{"line":3,"column":39},"end":{"line":8,"column":1}}},"1":{"name":"network_not_found_error","decl":{"start":{"line":10,"column":16},"end":{"line":10,"column":39}},"loc":{"start":{"line":10,"column":39},"end":{"line":15,"column":1}}}},"branchMap":{},"s":{"0":2,"1":3,"2":2,"3":3},"f":{"0":2,"1":2},"b":{}}
,"/home/allan_vc/Driven/Projetos/projeto19-drivenpass/src/services/networks/index.ts": {"path":"/home/allan_vc/Driven/Projetos/projeto19-drivenpass/src/services/networks/index.ts","statementMap":{"0":{"start":{"line":2,"column":0},"end":{"line":2,"column":47}},"1":{"start":{"line":4,"column":0},"end":{"line":4,"column":76}},"2":{"start":{"line":5,"column":0},"end":{"line":5,"column":49}},"3":{"start":{"line":8,"column":2},"end":{"line":8,"column":64}},"4":{"start":{"line":9,"column":18},"end":{"line":9,"column":75}},"5":{"start":{"line":11,"column":2},"end":{"line":11,"column":17}},"6":{"start":{"line":15,"column":19},"end":{"line":15,"column":65}},"7":{"start":{"line":16,"column":28},"end":{"line":16,"column":53}},"8":{"start":{"line":18,"column":2},"end":{"line":18,"column":27}},"9":{"start":{"line":22,"column":18},"end":{"line":22,"column":60}},"10":{"start":{"line":23,"column":2},"end":{"line":23,"column":56}},"11":{"start":{"line":23,"column":24},"end":{"line":23,"column":56}},"12":{"start":{"line":24,"column":2},"end":{"line":24,"column":66}},"13":{"start":{"line":24,"column":34},"end":{"line":24,"column":66}},"14":{"start":{"line":25,"column":27},"end":{"line":25,"column":51}},"15":{"start":{"line":27,"column":2},"end":{"line":27,"column":26}},"16":{"start":{"line":31,"column":18},"end":{"line":31,"column":60}},"17":{"start":{"line":33,"column":2},"end":{"line":35,"column":null}},"18":{"start":{"line":34,"column":4},"end":{"line":34,"column":36}},"19":{"start":{"line":37,"column":2},"end":{"line":39,"column":null}},"20":{"start":{"line":38,"column":4},"end":{"line":38,"column":36}},"21":{"start":{"line":41,"column":2},"end":{"line":41,"column":47}},"22":{"start":{"line":43,"column":2},"end":{"line":43,"column":9}},"23":{"start":{"line":47,"column":2},"end":{"line":55,"column":null}},"24":{"start":{"line":48,"column":4},"end":{"line":52,"column":null}},"25":{"start":{"line":48,"column":21},"end":{"line":48,"column":22}},"26":{"start":{"line":48,"column":30},"end":{"line":48,"column":45}},"27":{"start":{"line":49,"column":22},"end":{"line":49,"column":37}},"28":{"start":{"line":51,"column":6},"end":{"line":51,"column":58}},"29":{"start":{"line":54,"column":4},"end":{"line":54,"column":20}},"30":{"start":{"line":57,"column":2},"end":{"line":57,"column":56}},"31":{"start":{"line":58,"column":2},"end":{"line":58,"column":18}},"32":{"start":{"line":61,"column":13},"end":{"line":66,"column":2}}},"fnMap":{"0":{"name":"create","decl":{"start":{"line":7,"column":15},"end":{"line":7,"column":21}},"loc":{"start":{"line":7,"column":65},"end":{"line":12,"column":1}}},"1":{"name":"get_networks","decl":{"start":{"line":14,"column":15},"end":{"line":14,"column":27}},"loc":{"start":{"line":14,"column":43},"end":{"line":19,"column":1}}},"2":{"name":"get_network_by_id","decl":{"start":{"line":21,"column":15},"end":{"line":21,"column":32}},"loc":{"start":{"line":21,"column":60},"end":{"line":28,"column":1}}},"3":{"name":"delete_network_by_id","decl":{"start":{"line":30,"column":15},"end":{"line":30,"column":35}},"loc":{"start":{"line":30,"column":63},"end":{"line":44,"column":1}}},"4":{"name":"decryptNetworks","decl":{"start":{"line":46,"column":9},"end":{"line":46,"column":24}},"loc":{"start":{"line":46,"column":54},"end":{"line":59,"column":1}}}},"branchMap":{"0":{"loc":{"start":{"line":23,"column":2},"end":{"line":23,"column":56}},"type":"if","locations":[{"start":{"line":23,"column":2},"end":{"line":23,"column":56}}]},"1":{"loc":{"start":{"line":24,"column":2},"end":{"line":24,"column":66}},"type":"if","locations":[{"start":{"line":24,"column":2},"end":{"line":24,"column":66}}]},"2":{"loc":{"start":{"line":33,"column":2},"end":{"line":35,"column":null}},"type":"if","locations":[{"start":{"line":33,"column":2},"end":{"line":35,"column":null}}]},"3":{"loc":{"start":{"line":37,"column":2},"end":{"line":39,"column":null}},"type":"if","locations":[{"start":{"line":37,"column":2},"end":{"line":39,"column":null}}]},"4":{"loc":{"start":{"line":47,"column":2},"end":{"line":55,"column":null}},"type":"if","locations":[{"start":{"line":47,"column":2},"end":{"line":55,"column":null}}]}},"s":{"0":3,"1":3,"2":3,"3":1,"4":1,"5":1,"6":1,"7":1,"8":1,"9":3,"10":3,"11":1,"12":2,"13":1,"14":1,"15":1,"16":3,"17":3,"18":1,"19":2,"20":1,"21":1,"22":1,"23":2,"24":1,"25":1,"26":1,"27":1,"28":1,"29":1,"30":1,"31":1,"32":3},"f":{"0":1,"1":1,"2":3,"3":3,"4":2},"b":{"0":[1],"1":[1],"2":[1],"3":[1],"4":[1]}}
,"/home/allan_vc/Driven/Projetos/projeto19-drivenpass/src/utilities/prisma.ts": {"path":"/home/allan_vc/Driven/Projetos/projeto19-drivenpass/src/utilities/prisma.ts","statementMap":{"0":{"start":{"line":5,"column":20},"end":{"line":5,"column":54}},"1":{"start":{"line":6,"column":2},"end":{"line":8,"column":null}},"2":{"start":{"line":7,"column":4},"end":{"line":7,"column":26}},"3":{"start":{"line":9,"column":2},"end":{"line":9,"column":19}},"4":{"start":{"line":1,"column":0},"end":{"line":1,"column":16}}},"fnMap":{"0":{"name":"exclude","decl":{"start":{"line":1,"column":16},"end":{"line":1,"column":23}},"loc":{"start":{"line":3,"column":16},"end":{"line":10,"column":1}}}},"branchMap":{},"s":{"0":12,"1":12,"2":16,"3":12,"4":3},"f":{"0":12},"b":{}}
,"/home/allan_vc/Driven/Projetos/projeto19-drivenpass/tests/helpers.ts": {"path":"/home/allan_vc/Driven/Projetos/projeto19-drivenpass/tests/helpers.ts","statementMap":{"0":{"start":{"line":1,"column":0},"end":{"line":1,"column":36}},"1":{"start":{"line":3,"column":0},"end":{"line":3,"column":42}},"2":{"start":{"line":4,"column":0},"end":{"line":4,"column":45}},"3":{"start":{"line":5,"column":0},"end":{"line":5,"column":42}},"4":{"start":{"line":8,"column":2},"end":{"line":8,"column":38}},"5":{"start":{"line":9,"column":2},"end":{"line":9,"column":41}},"6":{"start":{"line":10,"column":2},"end":{"line":10,"column":38}},"7":{"start":{"line":11,"column":2},"end":{"line":11,"column":35}},"8":{"start":{"line":7,"column":0},"end":{"line":7,"column":7}},"9":{"start":{"line":15,"column":24},"end":{"line":15,"column":53}},"10":{"start":{"line":16,"column":16},"end":{"line":16,"column":79}},"11":{"start":{"line":18,"column":2},"end":{"line":18,"column":30}},"12":{"start":{"line":20,"column":2},"end":{"line":20,"column":15}},"13":{"start":{"line":14,"column":0},"end":{"line":14,"column":7}}},"fnMap":{"0":{"name":"clean_database","decl":{"start":{"line":7,"column":22},"end":{"line":7,"column":36}},"loc":{"start":{"line":7,"column":36},"end":{"line":12,"column":1}}},"1":{"name":"generate_valid_token","decl":{"start":{"line":14,"column":22},"end":{"line":14,"column":42}},"loc":{"start":{"line":14,"column":54},"end":{"line":21,"column":1}}}},"branchMap":{"0":{"loc":{"start":{"line":15,"column":24},"end":{"line":15,"column":53}},"type":"binary-expr","locations":[{"start":{"line":15,"column":24},"end":{"line":15,"column":28}},{"start":{"line":15,"column":33},"end":{"line":15,"column":52}}]}},"s":{"0":3,"1":3,"2":3,"3":3,"4":58,"5":58,"6":58,"7":58,"8":3,"9":23,"10":23,"11":23,"12":23,"13":3},"f":{"0":58,"1":23},"b":{"0":[23,0]}}
,"/home/allan_vc/Driven/Projetos/projeto19-drivenpass/tests/factories/credentials.ts": {"path":"/home/allan_vc/Driven/Projetos/projeto19-drivenpass/tests/factories/credentials.ts","statementMap":{"0":{"start":{"line":1,"column":0},"end":{"line":1,"column":36}},"1":{"start":{"line":3,"column":0},"end":{"line":3,"column":42}},"2":{"start":{"line":4,"column":0},"end":{"line":4,"column":49}},"3":{"start":{"line":10,"column":19},"end":{"line":10,"column":65}},"4":{"start":{"line":11,"column":28},"end":{"line":11,"column":52}},"5":{"start":{"line":12,"column":16},"end":{"line":12,"column":52}},"6":{"start":{"line":13,"column":14},"end":{"line":13,"column":48}},"7":{"start":{"line":14,"column":19},"end":{"line":14,"column":57}},"8":{"start":{"line":16,"column":2},"end":{"line":24,"column":5}},"9":{"start":{"line":6,"column":0},"end":{"line":6,"column":7}},"10":{"start":{"line":28,"column":19},"end":{"line":28,"column":46}},"11":{"start":{"line":29,"column":28},"end":{"line":29,"column":52}},"12":{"start":{"line":30,"column":16},"end":{"line":30,"column":36}},"13":{"start":{"line":31,"column":14},"end":{"line":31,"column":34}},"14":{"start":{"line":32,"column":19},"end":{"line":32,"column":38}},"15":{"start":{"line":34,"column":2},"end":{"line":39,"column":4}},"16":{"start":{"line":27,"column":0},"end":{"line":27,"column":16}}},"fnMap":{"0":{"name":"create_credential","decl":{"start":{"line":6,"column":22},"end":{"line":6,"column":39}},"loc":{"start":{"line":8,"column":34},"end":{"line":25,"column":1}}},"1":{"name":"create_credential_body","decl":{"start":{"line":27,"column":16},"end":{"line":27,"column":38}},"loc":{"start":{"line":27,"column":38},"end":{"line":40,"column":1}}}},"branchMap":{"0":{"loc":{"start":{"line":8,"column":2},"end":{"line":8,"column":34}},"type":"default-arg","locations":[{"start":{"line":8,"column":32},"end":{"line":8,"column":34}}]},"1":{"loc":{"start":{"line":10,"column":19},"end":{"line":10,"column":65}},"type":"binary-expr","locations":[{"start":{"line":10,"column":19},"end":{"line":10,"column":34}},{"start":{"line":10,"column":38},"end":{"line":10,"column":65}}]},"2":{"loc":{"start":{"line":12,"column":16},"end":{"line":12,"column":52}},"type":"binary-expr","locations":[{"start":{"line":12,"column":16},"end":{"line":12,"column":28}},{"start":{"line":12,"column":32},"end":{"line":12,"column":52}}]},"3":{"loc":{"start":{"line":13,"column":14},"end":{"line":13,"column":48}},"type":"binary-expr","locations":[{"start":{"line":13,"column":14},"end":{"line":13,"column":24}},{"start":{"line":13,"column":28},"end":{"line":13,"column":48}}]},"4":{"loc":{"start":{"line":14,"column":19},"end":{"line":14,"column":57}},"type":"binary-expr","locations":[{"start":{"line":14,"column":19},"end":{"line":14,"column":34}},{"start":{"line":14,"column":38},"end":{"line":14,"column":57}}]}},"s":{"0":1,"1":1,"2":1,"3":6,"4":6,"5":6,"6":6,"7":6,"8":6,"9":1,"10":2,"11":2,"12":2,"13":2,"14":2,"15":2,"16":1},"f":{"0":6,"1":2},"b":{"0":[6],"1":[6,6],"2":[6,6],"3":[6,6],"4":[6,6]}}
,"/home/allan_vc/Driven/Projetos/projeto19-drivenpass/tests/factories/index.ts": {"path":"/home/allan_vc/Driven/Projetos/projeto19-drivenpass/tests/factories/index.ts","statementMap":{"0":{"start":{"line":1,"column":0},"end":{"line":1,"column":24}},"1":{"start":{"line":2,"column":0},"end":{"line":2,"column":27}}},"fnMap":{},"branchMap":{},"s":{"0":3,"1":3},"f":{},"b":{}}
,"/home/allan_vc/Driven/Projetos/projeto19-drivenpass/tests/factories/networks.ts": {"path":"/home/allan_vc/Driven/Projetos/projeto19-drivenpass/tests/factories/networks.ts","statementMap":{"0":{"start":{"line":1,"column":0},"end":{"line":1,"column":36}},"1":{"start":{"line":3,"column":0},"end":{"line":3,"column":42}},"2":{"start":{"line":4,"column":0},"end":{"line":4,"column":49}},"3":{"start":{"line":10,"column":19},"end":{"line":10,"column":65}},"4":{"start":{"line":11,"column":28},"end":{"line":11,"column":52}},"5":{"start":{"line":12,"column":16},"end":{"line":12,"column":52}},"6":{"start":{"line":13,"column":18},"end":{"line":13,"column":54}},"7":{"start":{"line":15,"column":2},"end":{"line":22,"column":5}},"8":{"start":{"line":6,"column":0},"end":{"line":6,"column":7}},"9":{"start":{"line":26,"column":19},"end":{"line":26,"column":46}},"10":{"start":{"line":27,"column":28},"end":{"line":27,"column":52}},"11":{"start":{"line":28,"column":16},"end":{"line":28,"column":36}},"12":{"start":{"line":29,"column":18},"end":{"line":29,"column":38}},"13":{"start":{"line":31,"column":2},"end":{"line":35,"column":4}},"14":{"start":{"line":25,"column":0},"end":{"line":25,"column":16}}},"fnMap":{"0":{"name":"create_network","decl":{"start":{"line":6,"column":22},"end":{"line":6,"column":36}},"loc":{"start":{"line":8,"column":31},"end":{"line":23,"column":1}}},"1":{"name":"create_network_body","decl":{"start":{"line":25,"column":16},"end":{"line":25,"column":35}},"loc":{"start":{"line":25,"column":35},"end":{"line":36,"column":1}}}},"branchMap":{"0":{"loc":{"start":{"line":8,"column":2},"end":{"line":8,"column":31}},"type":"default-arg","locations":[{"start":{"line":8,"column":29},"end":{"line":8,"column":31}}]},"1":{"loc":{"start":{"line":10,"column":19},"end":{"line":10,"column":65}},"type":"binary-expr","locations":[{"start":{"line":10,"column":19},"end":{"line":10,"column":34}},{"start":{"line":10,"column":38},"end":{"line":10,"column":65}}]},"2":{"loc":{"start":{"line":12,"column":16},"end":{"line":12,"column":52}},"type":"binary-expr","locations":[{"start":{"line":12,"column":16},"end":{"line":12,"column":28}},{"start":{"line":12,"column":32},"end":{"line":12,"column":52}}]},"3":{"loc":{"start":{"line":13,"column":18},"end":{"line":13,"column":54}},"type":"binary-expr","locations":[{"start":{"line":13,"column":18},"end":{"line":13,"column":30}},{"start":{"line":13,"column":34},"end":{"line":13,"column":54}}]}},"s":{"0":1,"1":1,"2":1,"3":5,"4":5,"5":5,"6":5,"7":5,"8":1,"9":2,"10":2,"11":2,"12":2,"13":2,"14":1},"f":{"0":5,"1":2},"b":{"0":[5],"1":[5,5],"2":[5,5],"3":[5,5]}}
,"/home/allan_vc/Driven/Projetos/projeto19-drivenpass/tests/factories/sessions.ts": {"path":"/home/allan_vc/Driven/Projetos/projeto19-drivenpass/tests/factories/sessions.ts","statementMap":{"0":{"start":{"line":2,"column":0},"end":{"line":2,"column":38}},"1":{"start":{"line":3,"column":0},"end":{"line":3,"column":42}},"2":{"start":{"line":6,"column":15},"end":{"line":6,"column":34}},"3":{"start":{"line":8,"column":2},"end":{"line":13,"column":5}},"4":{"start":{"line":5,"column":0},"end":{"line":5,"column":7}}},"fnMap":{"0":{"name":"create_session","decl":{"start":{"line":5,"column":22},"end":{"line":5,"column":36}},"loc":{"start":{"line":5,"column":50},"end":{"line":14,"column":1}}}},"branchMap":{},"s":{"0":3,"1":3,"2":23,"3":23,"4":3},"f":{"0":23},"b":{}}
,"/home/allan_vc/Driven/Projetos/projeto19-drivenpass/tests/factories/users.ts": {"path":"/home/allan_vc/Driven/Projetos/projeto19-drivenpass/tests/factories/users.ts","statementMap":{"0":{"start":{"line":1,"column":0},"end":{"line":1,"column":28}},"1":{"start":{"line":2,"column":0},"end":{"line":2,"column":36}},"2":{"start":{"line":4,"column":0},"end":{"line":4,"column":42}},"3":{"start":{"line":7,"column":27},"end":{"line":7,"column":72}},"4":{"start":{"line":8,"column":25},"end":{"line":8,"column":64}},"5":{"start":{"line":10,"column":2},"end":{"line":15,"column":5}},"6":{"start":{"line":6,"column":0},"end":{"line":6,"column":7}}},"fnMap":{"0":{"name":"create_user","decl":{"start":{"line":6,"column":22},"end":{"line":6,"column":33}},"loc":{"start":{"line":6,"column":60},"end":{"line":16,"column":1}}}},"branchMap":{"0":{"loc":{"start":{"line":6,"column":34},"end":{"line":6,"column":60}},"type":"default-arg","locations":[{"start":{"line":6,"column":58},"end":{"line":6,"column":60}}]},"1":{"loc":{"start":{"line":7,"column":27},"end":{"line":7,"column":72}},"type":"binary-expr","locations":[{"start":{"line":7,"column":27},"end":{"line":7,"column":42}},{"start":{"line":7,"column":46},"end":{"line":7,"column":72}}]},"2":{"loc":{"start":{"line":12,"column":13},"end":{"line":12,"column":51}},"type":"binary-expr","locations":[{"start":{"line":12,"column":13},"end":{"line":12,"column":25}},{"start":{"line":12,"column":29},"end":{"line":12,"column":51}}]}},"s":{"0":3,"1":3,"2":3,"3":63,"4":63,"5":63,"6":3},"f":{"0":63},"b":{"0":[58],"1":[63,58],"2":[63,58]}}
}
