TN:
SF:src/app.ts
FN:12,(anonymous_7)
FN:17,initialize_server
FNF:2
FNH:1
FNDA:0,(anonymous_7)
FNDA:3,initialize_server
DA:1,3
DA:2,3
DA:3,3
DA:4,3
DA:6,3
DA:8,3
DA:9,3
DA:12,0
DA:17,3
DA:18,3
DA:19,3
DA:22,3
LF:12
LH:11
BRF:0
BRH:0
end_of_record
TN:
SF:src/configurations/database.ts
FN:4,connect_database
FNF:1
FNH:1
FNDA:3,connect_database
DA:1,3
DA:4,3
DA:5,3
LF:3
LH:3
BRF:0
BRH:0
end_of_record
TN:
SF:src/configurations/encryption.ts
FNF:0
FNH:0
DA:1,3
DA:3,3
DA:5,3
DA:6,3
DA:8,3
LF:5
LH:5
BRF:0
BRH:0
end_of_record
TN:
SF:src/configurations/index.ts
FNF:0
FNH:0
DA:1,3
DA:2,3
LF:2
LH:2
BRF:0
BRH:0
end_of_record
TN:
SF:src/configurations/load_envs.ts
FN:4,load_env
FNF:1
FNH:1
FNDA:9,load_env
DA:1,3
DA:2,3
DA:4,3
DA:5,9
DA:7,9
DA:8,0
DA:11,9
DA:12,9
DA:15,9
DA:16,9
LF:10
LH:9
BRDA:7,0,0,0
BRDA:11,1,0,9
BRF:2
BRH:1
end_of_record
TN:
SF:src/controllers/authentication.ts
FN:6,sign_in
FN:18,sign_up
FNF:2
FNH:2
FNDA:5,sign_in
FNDA:2,sign_up
DA:1,3
DA:4,3
DA:6,3
DA:7,5
DA:9,5
DA:10,5
DA:12,3
DA:14,2
DA:18,3
DA:19,2
DA:21,2
DA:22,2
DA:23,1
DA:28,1
DA:29,1
DA:31,0
LF:16
LH:15
BRDA:28,0,0,1
BRF:1
BRH:1
end_of_record
TN:
SF:src/controllers/credentials.ts
FN:8,create_credentials
FN:34,get_credentials
FN:49,get_credential_by_id
FN:75,delete_credential_by_id
FNF:4
FNH:4
FNDA:2,create_credentials
FNDA:1,get_credentials
FNDA:3,get_credential_by_id
FNDA:3,delete_credential_by_id
DA:3,3
DA:5,3
DA:6,3
DA:8,3
DA:12,2
DA:13,2
DA:15,2
DA:16,2
DA:24,1
DA:28,1
DA:29,1
DA:34,3
DA:38,1
DA:40,1
DA:41,1
DA:43,1
DA:45,0
DA:49,3
DA:53,3
DA:54,3
DA:56,3
DA:57,3
DA:62,1
DA:64,2
DA:65,1
DA:68,1
DA:69,1
DA:71,0
DA:75,3
DA:79,3
DA:80,3
DA:82,3
DA:83,3
DA:85,1
DA:87,2
DA:88,1
DA:91,1
DA:92,1
DA:95,0
LF:39
LH:36
BRDA:28,0,0,1
BRDA:64,1,0,1
BRDA:68,2,0,1
BRDA:87,3,0,1
BRDA:91,4,0,1
BRF:5
BRH:5
end_of_record
TN:
SF:src/controllers/index.ts
FNF:0
FNH:0
DA:1,3
DA:2,3
DA:3,3
LF:3
LH:3
BRF:0
BRH:0
end_of_record
TN:
SF:src/controllers/networks.ts
FN:8,create_network
FN:33,get_networks
FN:48,get_network_by_id
FN:74,delete_network_by_id
FNF:4
FNH:4
FNDA:1,create_network
FNDA:1,get_networks
FNDA:3,get_network_by_id
FNDA:3,delete_network_by_id
DA:3,3
DA:5,3
DA:6,3
DA:8,3
DA:12,1
DA:13,1
DA:15,1
DA:16,1
DA:25,1
DA:29,0
DA:33,3
DA:37,1
DA:39,1
DA:40,1
DA:42,1
DA:44,0
DA:48,3
DA:52,3
DA:53,3
DA:55,3
DA:56,3
DA:61,1
DA:63,2
DA:64,1
DA:67,1
DA:68,1
DA:70,0
DA:74,3
DA:78,3
DA:79,3
DA:81,3
DA:82,3
DA:84,1
DA:86,2
DA:87,1
DA:90,1
DA:91,1
DA:94,0
LF:38
LH:34
BRDA:63,0,0,1
BRDA:67,1,0,1
BRDA:86,2,0,1
BRDA:90,3,0,1
BRF:4
BRH:4
end_of_record
TN:
SF:src/errors/index.ts
FNF:0
FNH:0
DA:1,3
DA:2,3
LF:2
LH:2
BRF:0
BRH:0
end_of_record
TN:
SF:src/errors/unauthorized.ts
FN:3,unauthorizedError
FNF:1
FNH:1
FNDA:24,unauthorizedError
DA:3,3
DA:4,24
LF:2
LH:2
BRF:0
BRH:0
end_of_record
TN:
SF:src/errors/unprocessable.ts
FN:3,invalidDataError
FNF:1
FNH:1
FNDA:10,invalidDataError
DA:3,3
DA:6,10
LF:2
LH:2
BRF:0
BRH:0
end_of_record
TN:
SF:src/middlewares/authentication.ts
FN:7,authentication
FN:37,generateUnauthorizedResponse
FNF:2
FNH:2
FNDA:47,authentication
FNDA:24,generateUnauthorizedResponse
DA:2,3
DA:3,3
DA:4,3
DA:5,3
DA:7,3
DA:12,47
DA:13,47
DA:15,39
DA:16,39
DA:18,39
DA:19,39
DA:21,31
DA:27,31
DA:29,23
DA:31,23
DA:33,8
DA:38,24
LF:17
LH:17
BRDA:13,0,0,8
BRDA:16,1,0,0
BRDA:27,2,0,8
BRF:3
BRH:2
end_of_record
TN:
SF:src/middlewares/index.ts
FNF:0
FNH:0
DA:1,3
DA:2,3
LF:2
LH:2
BRF:0
BRH:0
end_of_record
TN:
SF:src/middlewares/validation.ts
FN:6,validateBody
FN:10,validateParams
FN:16,validate
FN:17,(anonymous_4)
FN:27,(anonymous_5)
FNF:5
FNH:5
FNDA:12,validateBody
FNDA:12,validateParams
FNDA:24,validate
FNDA:32,(anonymous_4)
FNDA:16,(anonymous_5)
DA:1,3
DA:3,3
DA:6,3
DA:7,12
DA:10,3
DA:13,12
DA:17,24
DA:18,32
DA:22,32
DA:23,22
DA:25,10
DA:27,16
LF:12
LH:12
BRDA:22,0,0,22
BRDA:22,0,1,10
BRF:2
BRH:2
end_of_record
TN:
SF:src/repositories/credentials.ts
FN:4,create
FN:16,find_by_id
FN:24,find_many
FN:32,delete_by_id
FN:40,find_by_title
FNF:5
FNH:5
FNDA:1,create
FNDA:6,find_by_id
FNDA:1,find_many
FNDA:1,delete_by_id
FNDA:2,find_by_title
DA:1,3
DA:5,1
DA:17,6
DA:25,1
DA:33,1
DA:41,2
DA:49,3
LF:7
LH:7
BRF:0
BRH:0
end_of_record
TN:
SF:src/repositories/index.ts
FNF:0
FNH:0
DA:1,3
DA:2,3
DA:3,3
DA:4,3
LF:4
LH:4
BRF:0
BRH:0
end_of_record
TN:
SF:src/repositories/networks.ts
FN:4,create
FN:15,find_by_id
FN:23,find_many
FN:31,delete_by_id
FNF:4
FNH:4
FNDA:1,create
FNDA:6,find_by_id
FNDA:1,find_many
FNDA:1,delete_by_id
DA:1,3
DA:5,1
DA:16,6
DA:24,1
DA:32,1
DA:39,3
LF:6
LH:6
BRF:0
BRH:0
end_of_record
TN:
SF:src/repositories/sessions.ts
FN:4,create
FNF:1
FNH:1
FNDA:3,create
DA:1,3
DA:5,3
DA:10,3
LF:3
LH:3
BRF:0
BRH:0
end_of_record
TN:
SF:src/repositories/users.ts
FN:4,findByEmail
FN:18,create
FNF:2
FNH:2
FNDA:7,findByEmail
FNDA:1,create
DA:1,3
DA:5,7
DA:11,7
DA:12,5
DA:15,7
DA:19,1
DA:24,3
LF:7
LH:7
BRDA:11,0,0,5
BRF:1
BRH:1
end_of_record
TN:
SF:src/routers/authentication.ts
FNF:0
FNH:0
DA:1,3
DA:2,3
DA:3,3
DA:4,3
DA:6,3
DA:8,3
DA:9,3
DA:11,3
LF:8
LH:8
BRF:0
BRH:0
end_of_record
TN:
SF:src/routers/credentials.ts
FNF:0
FNH:0
DA:1,3
DA:7,3
DA:8,3
DA:9,3
DA:10,3
DA:12,3
DA:14,3
DA:21,3
LF:8
LH:8
BRF:0
BRH:0
end_of_record
TN:
SF:src/routers/index.ts
FNF:0
FNH:0
DA:1,3
DA:2,3
DA:3,3
LF:3
LH:3
BRF:0
BRH:0
end_of_record
TN:
SF:src/routers/networks.ts
FNF:0
FNH:0
DA:1,3
DA:2,3
DA:3,3
DA:4,3
DA:5,3
DA:12,3
DA:14,3
DA:21,3
LF:8
LH:8
BRF:0
BRH:0
end_of_record
TN:
SF:src/schemas/appSchemas.ts
FNF:0
FNH:0
DA:1,3
DA:3,3
LF:2
LH:2
BRF:0
BRH:0
end_of_record
TN:
SF:src/schemas/authentication.ts
FNF:0
FNH:0
DA:2,3
DA:4,3
LF:2
LH:2
BRF:0
BRH:0
end_of_record
TN:
SF:src/schemas/credentials.ts
FNF:0
FNH:0
DA:2,3
DA:4,3
LF:2
LH:2
BRF:0
BRH:0
end_of_record
TN:
SF:src/schemas/index.ts
FNF:0
FNH:0
DA:1,3
LF:1
LH:1
BRF:0
BRH:0
end_of_record
TN:
SF:src/schemas/networks.ts
FNF:0
FNH:0
DA:2,3
DA:4,3
LF:2
LH:2
BRF:0
BRH:0
end_of_record
TN:
SF:src/services/index.ts
FNF:0
FNH:0
DA:1,3
DA:2,3
DA:3,3
LF:3
LH:3
BRF:0
BRH:0
end_of_record
TN:
SF:src/services/authentication/errors.ts
FN:3,invalid_credentials_error
FN:10,duplicated_email_error
FNF:2
FNH:2
FNDA:2,invalid_credentials_error
FNDA:1,duplicated_email_error
DA:3,3
DA:4,2
DA:10,3
DA:11,1
LF:4
LH:4
BRF:0
BRH:0
end_of_record
TN:
SF:src/services/authentication/index.ts
FN:8,sign_in
FN:23,sign_up
FN:30,get_user_or_fail
FN:41,validate_unique_email_or_fail
FN:48,create_session
FN:58,validate_password_or_fail
FNF:6
FNH:6
FNDA:5,sign_in
FNDA:2,sign_up
FNDA:5,get_user_or_fail
FNDA:2,validate_unique_email_or_fail
FNDA:3,create_session
FNDA:4,validate_password_or_fail
DA:1,3
DA:2,3
DA:4,3
DA:5,3
DA:6,3
DA:9,5
DA:11,5
DA:13,4
DA:15,3
DA:17,3
DA:24,2
DA:25,1
DA:27,1
DA:31,5
DA:36,5
DA:38,4
DA:42,2
DA:43,2
DA:44,1
DA:49,3
DA:50,3
DA:55,3
DA:62,4
DA:63,4
DA:77,3
LF:25
LH:25
BRDA:36,0,0,1
BRDA:43,1,0,1
BRDA:63,2,0,1
BRF:3
BRH:3
end_of_record
TN:
SF:src/services/credentials/errors.ts
FN:3,duplicated_title_error
FN:10,unauthorized_user_error
FN:17,credential_not_found_error
FNF:3
FNH:3
FNDA:1,duplicated_title_error
FNDA:2,unauthorized_user_error
FNDA:2,credential_not_found_error
DA:3,3
DA:4,1
DA:10,3
DA:11,2
DA:17,3
DA:18,2
LF:6
LH:6
BRF:0
BRH:0
end_of_record
TN:
SF:src/services/credentials/index.ts
FN:11,create
FN:19,get_credentials
FN:26,get_credential_by_id
FN:35,delete_credential_by_id
FN:51,unique_title_or_fail
FN:57,decryptCredentials
FNF:6
FNH:6
FNDA:2,create
FNDA:1,get_credentials
FNDA:3,get_credential_by_id
FNDA:3,delete_credential_by_id
FNDA:2,unique_title_or_fail
FNDA:2,decryptCredentials
DA:2,3
DA:4,3
DA:9,3
DA:12,2
DA:13,1
DA:14,1
DA:16,1
DA:20,1
DA:21,1
DA:23,1
DA:27,3
DA:28,3
DA:29,2
DA:30,1
DA:32,1
DA:36,3
DA:38,3
DA:39,1
DA:42,2
DA:43,1
DA:46,1
DA:48,1
DA:52,2
DA:54,2
DA:58,2
DA:59,1
DA:60,1
DA:62,1
DA:65,1
DA:68,1
DA:69,1
DA:72,3
LF:32
LH:32
BRDA:28,0,0,1
BRDA:29,1,0,1
BRDA:38,2,0,1
BRDA:42,3,0,1
BRDA:54,4,0,1
BRDA:58,5,0,1
BRF:6
BRH:6
end_of_record
TN:
SF:src/services/networks/errors.ts
FN:3,unauthorized_user_error
FN:10,network_not_found_error
FNF:2
FNH:2
FNDA:2,unauthorized_user_error
FNDA:2,network_not_found_error
DA:3,3
DA:4,2
DA:10,3
DA:11,2
LF:4
LH:4
BRF:0
BRH:0
end_of_record
TN:
SF:src/services/networks/index.ts
FN:7,create
FN:14,get_networks
FN:21,get_network_by_id
FN:30,delete_network_by_id
FN:46,decryptNetworks
FNF:5
FNH:5
FNDA:1,create
FNDA:1,get_networks
FNDA:3,get_network_by_id
FNDA:3,delete_network_by_id
FNDA:2,decryptNetworks
DA:2,3
DA:4,3
DA:5,3
DA:8,1
DA:9,1
DA:11,1
DA:15,1
DA:16,1
DA:18,1
DA:22,3
DA:23,3
DA:24,2
DA:25,1
DA:27,1
DA:31,3
DA:33,3
DA:34,1
DA:37,2
DA:38,1
DA:41,1
DA:43,1
DA:47,2
DA:48,1
DA:49,1
DA:51,1
DA:54,1
DA:57,1
DA:58,1
DA:61,3
LF:29
LH:29
BRDA:23,0,0,1
BRDA:24,1,0,1
BRDA:33,2,0,1
BRDA:37,3,0,1
BRDA:47,4,0,1
BRF:5
BRH:5
end_of_record
TN:
SF:src/utilities/prisma.ts
FN:1,exclude
FNF:1
FNH:1
FNDA:12,exclude
DA:1,3
DA:5,12
DA:6,12
DA:7,16
DA:9,12
LF:5
LH:5
BRF:0
BRH:0
end_of_record
TN:
SF:tests/helpers.ts
FN:7,clean_database
FN:14,generate_valid_token
FNF:2
FNH:2
FNDA:58,clean_database
FNDA:23,generate_valid_token
DA:1,3
DA:3,3
DA:4,3
DA:5,3
DA:7,3
DA:8,58
DA:9,58
DA:10,58
DA:11,58
DA:14,3
DA:15,23
DA:16,23
DA:18,23
DA:20,23
LF:14
LH:14
BRDA:15,0,0,23
BRDA:15,0,1,0
BRF:2
BRH:1
end_of_record
TN:
SF:tests/factories/credentials.ts
FN:6,create_credential
FN:27,create_credential_body
FNF:2
FNH:2
FNDA:6,create_credential
FNDA:2,create_credential_body
DA:1,1
DA:3,1
DA:4,1
DA:6,1
DA:10,6
DA:11,6
DA:12,6
DA:13,6
DA:14,6
DA:16,6
DA:27,1
DA:28,2
DA:29,2
DA:30,2
DA:31,2
DA:32,2
DA:34,2
LF:17
LH:17
BRDA:8,0,0,6
BRDA:10,1,0,6
BRDA:10,1,1,6
BRDA:12,2,0,6
BRDA:12,2,1,6
BRDA:13,3,0,6
BRDA:13,3,1,6
BRDA:14,4,0,6
BRDA:14,4,1,6
BRF:9
BRH:9
end_of_record
TN:
SF:tests/factories/index.ts
FNF:0
FNH:0
DA:1,3
DA:2,3
LF:2
LH:2
BRF:0
BRH:0
end_of_record
TN:
SF:tests/factories/networks.ts
FN:6,create_network
FN:25,create_network_body
FNF:2
FNH:2
FNDA:5,create_network
FNDA:2,create_network_body
DA:1,1
DA:3,1
DA:4,1
DA:6,1
DA:10,5
DA:11,5
DA:12,5
DA:13,5
DA:15,5
DA:25,1
DA:26,2
DA:27,2
DA:28,2
DA:29,2
DA:31,2
LF:15
LH:15
BRDA:8,0,0,5
BRDA:10,1,0,5
BRDA:10,1,1,5
BRDA:12,2,0,5
BRDA:12,2,1,5
BRDA:13,3,0,5
BRDA:13,3,1,5
BRF:7
BRH:7
end_of_record
TN:
SF:tests/factories/sessions.ts
FN:5,create_session
FNF:1
FNH:1
FNDA:23,create_session
DA:2,3
DA:3,3
DA:5,3
DA:6,23
DA:8,23
LF:5
LH:5
BRF:0
BRH:0
end_of_record
TN:
SF:tests/factories/users.ts
FN:6,create_user
FNF:1
FNH:1
FNDA:63,create_user
DA:1,3
DA:2,3
DA:4,3
DA:6,3
DA:7,63
DA:8,63
DA:10,63
LF:7
LH:7
BRDA:6,0,0,58
BRDA:7,1,0,63
BRDA:7,1,1,58
BRDA:12,2,0,63
BRDA:12,2,1,58
BRF:5
BRH:5
end_of_record
